0 info it worked if it ends with ok
1 verbose cli [ '/usr/bin/nodejs', '/usr/bin/npm', 'start' ]
2 info using npm@3.10.10
3 info using node@v6.10.3
4 verbose run-script [ 'prestart', 'start', 'poststart' ]
5 info lifecycle senior-days-quiz@1.0.0~prestart: senior-days-quiz@1.0.0
6 silly lifecycle senior-days-quiz@1.0.0~prestart: no script for prestart, continuing
7 info lifecycle senior-days-quiz@1.0.0~start: senior-days-quiz@1.0.0
8 verbose lifecycle senior-days-quiz@1.0.0~start: unsafe-perm in lifecycle true
9 verbose lifecycle senior-days-quiz@1.0.0~start: PATH: /usr/lib/node_modules/npm/bin/node-gyp-bin:/mnt/d/Programming/senior-days-trivia/node_modules/.bin:/usr/local/sbin:/usr/local/bin:/usr/sbin:/usr/bin:/sbin:/bin:/usr/games:/usr/local/games:/mnt/c/ProgramData/Oracle/Java/javapath:/mnt/c/Windows/System32:/mnt/c/Windows:/mnt/c/Windows/System32/wbem:/mnt/c/Windows/System32/WindowsPowerShell/v1.0:/mnt/d/Programs/Skype/Phone:/mnt/c/Program Files (x86)/Windows Kits/8.1/Windows Performance Toolkit:/mnt/c/Program Files/Microsoft SQL Server/110/Tools/Binn:/mnt/c/Program Files (x86)/Microsoft SDKs/TypeScript/1.0:/mnt/c/Program Files/Microsoft SQL Server/120/Tools/Binn:/mnt/d/Programs/Git/cmd:/mnt/c/Windows/System32:/mnt/c/Windows:/mnt/c/Windows/System32/wbem:/mnt/c/Windows/System32/WindowsPowerShell/v1.0:/mnt/c/Program Files (x86)/QTSystem:/mnt/c/ProgramData/Chocolatey/bin:/mnt/c/tools/python2:/mnt/c/Program Files/nodejs:/mnt/d/Programs/Vagrant/bin:/mnt/c/Program Files (x86)/Pandoc:/mnt/c/Program Files (x86)/NVIDIA Corporation/PhysX/Common:/mnt/c/Windows/System32/WindowsPowerShell/v1.0:/mnt/c/ProgramData/Oracle/Java/javapath:/mnt/c/Program Files (x86)/NVIDIA Corporation/PhysX/Common:/mnt/c/Windows/System32:/mnt/c/Windows:/mnt/c/Windows/System32/wbem:/mnt/c/Windows/System32/WindowsPowerShell/v1.0:/mnt/d/Programs/LATEX/miktex/bin:/mnt/c/Users/Elijah/AppData/Local/atom/bin:/mnt/c/Users/Elijah/AppData/Roaming/npm:/mnt/c/Users/Elijah/AppData/Local/Microsoft/WindowsApps:/mnt/c/ffmpeg/bin
10 verbose lifecycle senior-days-quiz@1.0.0~start: CWD: /mnt/d/Programming/senior-days-trivia
11 silly lifecycle senior-days-quiz@1.0.0~start: Args: [ '-c', 'babel-node index.js --presets env' ]
12 silly lifecycle senior-days-quiz@1.0.0~start: Returned: code: 1  signal: null
13 info lifecycle senior-days-quiz@1.0.0~start: Failed to exec start script
14 verbose stack Error: senior-days-quiz@1.0.0 start: `babel-node index.js --presets env`
14 verbose stack Exit status 1
14 verbose stack     at EventEmitter.<anonymous> (/usr/lib/node_modules/npm/lib/utils/lifecycle.js:255:16)
14 verbose stack     at emitTwo (events.js:106:13)
14 verbose stack     at EventEmitter.emit (events.js:191:7)
14 verbose stack     at ChildProcess.<anonymous> (/usr/lib/node_modules/npm/lib/utils/spawn.js:40:14)
14 verbose stack     at emitTwo (events.js:106:13)
14 verbose stack     at ChildProcess.emit (events.js:191:7)
14 verbose stack     at maybeClose (internal/child_process.js:886:16)
14 verbose stack     at Process.ChildProcess._handle.onexit (internal/child_process.js:226:5)
15 verbose pkgid senior-days-quiz@1.0.0
16 verbose cwd /mnt/d/Programming/senior-days-trivia
17 error Linux 4.4.0-43-Microsoft
18 error argv "/usr/bin/nodejs" "/usr/bin/npm" "start"
19 error node v6.10.3
20 error npm  v3.10.10
21 error code ELIFECYCLE
22 error senior-days-quiz@1.0.0 start: `babel-node index.js --presets env`
22 error Exit status 1
23 error Failed at the senior-days-quiz@1.0.0 start script 'babel-node index.js --presets env'.
23 error Make sure you have the latest version of node.js and npm installed.
23 error If you do, this is most likely a problem with the senior-days-quiz package,
23 error not with npm itself.
23 error Tell the author that this fails on your system:
23 error     babel-node index.js --presets env
23 error You can get information on how to open an issue for this project with:
23 error     npm bugs senior-days-quiz
23 error Or if that isn't available, you can get their info via:
23 error     npm owner ls senior-days-quiz
23 error There is likely additional logging output above.
24 verbose exit [ 1, true ]
